<?xml version="1.0" encoding="UTF-8"?>
<!-- Generated by org.testng.reporters.JUnitReportReporter -->
<testsuite skipped="0" hostname="Sergey-ПК" name="FacebookTest" tests="1" failures="0" timestamp="19 мая 2018 16:00:50 GMT" time="20.999" errors="0">
  <testcase name="successFacebookLoginTest" time="20.999" classname="FacebookTest"/>
</testsuite> <!-- FacebookTest -->
